0 info it worked if it ends with ok
1 verbose cli [ '/media/gj/b8a170f1-e722-4675-b623-24159764b80a/data/bin/nodejs/bin/node',
1 verbose cli   '/home/gj/data/data/bin/nodejs/bin/npm',
1 verbose cli   'start' ]
2 info using npm@3.10.10
3 info using node@v6.11.1
4 verbose run-script [ 'prestart', 'start', 'poststart' ]
5 info lifecycle nepress-server@0.0.1~prestart: nepress-server@0.0.1
6 silly lifecycle nepress-server@0.0.1~prestart: no script for prestart, continuing
7 info lifecycle nepress-server@0.0.1~start: nepress-server@0.0.1
8 verbose lifecycle nepress-server@0.0.1~start: unsafe-perm in lifecycle true
9 verbose lifecycle nepress-server@0.0.1~start: PATH: /media/gj/b8a170f1-e722-4675-b623-24159764b80a/data/bin/nodejs/lib/node_modules/npm/bin/node-gyp-bin:/media/gj/b8a170f1-e722-4675-b623-24159764b80a/data/git/nepress/server/node_modules/.bin:/media/gj/b8a170f1-e722-4675-b623-24159764b80a/data/bin/nodejs/bin:/home/gj/data/data/bin/nodejs/bin:/usr/local/sbin:/usr/local/bin:/usr/sbin:/usr/bin:/sbin:/bin:/usr/games:/usr/local/games:/snap/bin
10 verbose lifecycle nepress-server@0.0.1~start: CWD: /media/gj/b8a170f1-e722-4675-b623-24159764b80a/data/git/nepress/server
11 silly lifecycle nepress-server@0.0.1~start: Args: [ '-c', 'node index.js' ]
12 silly lifecycle nepress-server@0.0.1~start: Returned: code: 1  signal: null
13 info lifecycle nepress-server@0.0.1~start: Failed to exec start script
14 verbose stack Error: nepress-server@0.0.1 start: `node index.js`
14 verbose stack Exit status 1
14 verbose stack     at EventEmitter.<anonymous> (/media/gj/b8a170f1-e722-4675-b623-24159764b80a/data/bin/nodejs/lib/node_modules/npm/lib/utils/lifecycle.js:255:16)
14 verbose stack     at emitTwo (events.js:106:13)
14 verbose stack     at EventEmitter.emit (events.js:191:7)
14 verbose stack     at ChildProcess.<anonymous> (/media/gj/b8a170f1-e722-4675-b623-24159764b80a/data/bin/nodejs/lib/node_modules/npm/lib/utils/spawn.js:40:14)
14 verbose stack     at emitTwo (events.js:106:13)
14 verbose stack     at ChildProcess.emit (events.js:191:7)
14 verbose stack     at maybeClose (internal/child_process.js:891:16)
14 verbose stack     at Process.ChildProcess._handle.onexit (internal/child_process.js:226:5)
15 verbose pkgid nepress-server@0.0.1
16 verbose cwd /media/gj/b8a170f1-e722-4675-b623-24159764b80a/data/git/nepress/server
17 error Linux 4.10.0-24-generic
18 error argv "/media/gj/b8a170f1-e722-4675-b623-24159764b80a/data/bin/nodejs/bin/node" "/home/gj/data/data/bin/nodejs/bin/npm" "start"
19 error node v6.11.1
20 error npm  v3.10.10
21 error code ELIFECYCLE
22 error nepress-server@0.0.1 start: `node index.js`
22 error Exit status 1
23 error Failed at the nepress-server@0.0.1 start script 'node index.js'.
23 error Make sure you have the latest version of node.js and npm installed.
23 error If you do, this is most likely a problem with the nepress-server package,
23 error not with npm itself.
23 error Tell the author that this fails on your system:
23 error     node index.js
23 error You can get information on how to open an issue for this project with:
23 error     npm bugs nepress-server
23 error Or if that isn't available, you can get their info via:
23 error     npm owner ls nepress-server
23 error There is likely additional logging output above.
24 verbose exit [ 1, true ]
